<?xml version="1.0" encoding="UTF-8"?>
<testsuite name="org.apache.mahout.math.MatricesTest" time="0.518" tests="5" errors="0" skipped="0" failures="0">
  <properties>
[...]
</properties>
  <testcase name="testFunctionalView" classname="org.apache.mahout.math.MatricesTest" time="0.165"/>
  <testcase name="testGaussianView" classname="org.apache.mahout.math.MatricesTest" time="0.13"/>
  <testcase name="testSymmetricUniformView" classname="org.apache.mahout.math.MatricesTest" time="0.012"/>
  <testcase name="testTransposeView" classname="org.apache.mahout.math.MatricesTest" time="0.155"/>
  <testcase name="testUniformView" classname="org.apache.mahout.math.MatricesTest" time="0.056"/>
</testsuite>